
========================
New Game...
Match Loading...

========================
New Game...
Match Loading...

========================
New Game...
Match Loading...

========================
New Game...
Match Loading...

========================
New Game...
Match Loading...

========================
New Game...
Match Loading...
Player Shawn joined.
Player Shawn assigned team Blue.
Player Imr joined.
Player Imr assigned team Red.
Player Zul joined.
Player Zul assigned team Blue.
Player SAra joined.
Player SAra assigned team Red.
---Turn Log Entry---
Current Turn Player: Shawn (Team: BLUE, ID: 0)
Game Phase: PLACEMENT
---End Entry---

---Turn Log Entry---
Current Turn Player: Imr (Team: RED, ID: 1)
Game Phase: PLACEMENT
---End Entry---

---Turn Log Entry---
Current Turn Player: Zul (Team: BLUE, ID: 2)
Game Phase: PLACEMENT
---End Entry---

---Turn Log Entry---
Current Turn Player: SAra (Team: RED, ID: 3)
Game Phase: PLACEMENT
---End Entry---

---Turn Log Entry---
Current Turn Player: Shawn (Team: BLUE, ID: 0)
Game Phase: PLACEMENT
---End Entry---

---Turn Log Entry---
Current Turn Player: Imr (Team: RED, ID: 1)
Game Phase: PLACEMENT
---End Entry---

---Turn Log Entry---
Current Turn Player: Zul (Team: BLUE, ID: 2)
Game Phase: PLACEMENT
---End Entry---

---Turn Log Entry---
Current Turn Player: SAra (Team: RED, ID: 3)
Game Phase: PLAYING
Target: (-1, -1)
Ship Hit: NO
Ship Destroyed: NO
---End Entry---

---Turn Log Entry---
Current Turn Player: Shawn (Team: BLUE, ID: 0)
Game Phase: PLAYING
Target: (0, 0)
Ship Hit: YES
Ship Destroyed: NO
---End Entry---

---Turn Log Entry---
Current Turn Player: Imr (Team: RED, ID: 1)
Game Phase: PLAYING
Target: (0, 0)
Ship Hit: YES
Ship Destroyed: NO
---End Entry---

---Turn Log Entry---
Current Turn Player: Zul (Team: BLUE, ID: 2)
Game Phase: PLAYING
Target: (0, 1)
Ship Hit: YES
Ship Destroyed: YES
---End Entry---

---Turn Log Entry---
Current Turn Player: SAra (Team: RED, ID: 3)
Game Phase: PLAYING
Target: (0, 1)
Ship Hit: YES
Ship Destroyed: YES
---End Entry---

---Turn Log Entry---
Current Turn Player: Shawn (Team: BLUE, ID: 0)
Game Phase: PLAYING
Target: (1, 0)
Ship Hit: YES
Ship Destroyed: NO
---End Entry---

---Turn Log Entry---
Current Turn Player: Imr (Team: RED, ID: 1)
Game Phase: PLAYING
Target: (1, 0)
Ship Hit: YES
Ship Destroyed: NO
---End Entry---

---Turn Log Entry---
Current Turn Player: Zul (Team: BLUE, ID: 2)
Game Phase: PLAYING
Target: (1, 1)
Ship Hit: YES
Ship Destroyed: NO
---End Entry---

---Turn Log Entry---
Current Turn Player: SAra (Team: RED, ID: 3)
Game Phase: PLAYING
Target: (1, 1)
Ship Hit: YES
Ship Destroyed: NO
---End Entry---

---Turn Log Entry---
Current Turn Player: Shawn (Team: BLUE, ID: 0)
Game Phase: PLAYING
Target: (1, 2)
Ship Hit: YES
Ship Destroyed: YES
---End Entry---

---Turn Log Entry---
Current Turn Player: Imr (Team: RED, ID: 1)
Game Phase: PLAYING
Target: (1, 2)
Ship Hit: YES
Ship Destroyed: YES
---End Entry---

---Turn Log Entry---
Current Turn Player: Zul (Team: BLUE, ID: 2)
Game Phase: PLAYING
Target: (2, 0)
Ship Hit: YES
Ship Destroyed: NO
---End Entry---

---Turn Log Entry---
Current Turn Player: SAra (Team: RED, ID: 3)
Game Phase: PLAYING
Target: (2, 0)
Ship Hit: YES
Ship Destroyed: NO
---End Entry---

---Turn Log Entry---
Current Turn Player: Shawn (Team: BLUE, ID: 0)
Game Phase: PLAYING
Target: (2, 1)
Ship Hit: YES
Ship Destroyed: NO
---End Entry---

---Turn Log Entry---
Current Turn Player: Imr (Team: RED, ID: 1)
Game Phase: PLAYING
Target: (2, 1)
Ship Hit: YES
Ship Destroyed: NO
---End Entry---

---Turn Log Entry---
Current Turn Player: Zul (Team: BLUE, ID: 2)
Game Phase: PLAYING
Target: (2, 2)
Ship Hit: YES
Ship Destroyed: NO
---End Entry---

---Turn Log Entry---
Current Turn Player: SAra (Team: RED, ID: 3)
Game Phase: PLAYING
Target: (2, 2)
Ship Hit: YES
Ship Destroyed: NO
---End Entry---

---Turn Log Entry---
Current Turn Player: Shawn (Team: BLUE, ID: 0)
Game Phase: PLAYING
Target: (2, 3)
Ship Hit: YES
Ship Destroyed: YES
---End Entry---

---Turn Log Entry---
Current Turn Player: Imr (Team: RED, ID: 1)
Game Phase: PLAYING
Target: (3, 4)
Ship Hit: YES
Ship Destroyed: NO
---End Entry---

---Turn Log Entry---
Current Turn Player: Zul (Team: BLUE, ID: 2)
Game Phase: PLAYING
Target: (3, 0)
Ship Hit: YES
Ship Destroyed: NO
---End Entry---

---Turn Log Entry---
Current Turn Player: SAra (Team: RED, ID: 3)
Game Phase: PLAYING
Target: (2, 6)
Ship Hit: NO
Ship Destroyed: NO
---End Entry---

---Turn Log Entry---
Current Turn Player: Shawn (Team: BLUE, ID: 0)
Game Phase: PLAYING
Target: (3, 1)
Ship Hit: YES
Ship Destroyed: NO
---End Entry---

---Turn Log Entry---
Current Turn Player: Imr (Team: RED, ID: 1)
Game Phase: PLAYING
Target: (3, 0)
Ship Hit: YES
Ship Destroyed: NO
---End Entry---

---Turn Log Entry---
Current Turn Player: Zul (Team: BLUE, ID: 2)
Game Phase: PLAYING
Target: (3, 2)
Ship Hit: YES
Ship Destroyed: NO
---End Entry---

---Turn Log Entry---
Current Turn Player: SAra (Team: RED, ID: 3)
Game Phase: PLAYING
Target: (3, 1)
Ship Hit: YES
Ship Destroyed: NO
---End Entry---

---Turn Log Entry---
Current Turn Player: Shawn (Team: BLUE, ID: 0)
Game Phase: PLAYING
Target: (3, 3)
Ship Hit: YES
Ship Destroyed: NO
---End Entry---

---Turn Log Entry---
Current Turn Player: Imr (Team: RED, ID: 1)
Game Phase: PLAYING
Target: (6, 0)
Ship Hit: NO
Ship Destroyed: NO
---End Entry---

---Turn Log Entry---
Current Turn Player: Zul (Team: BLUE, ID: 2)
Game Phase: GAME_OVER
---End Entry---

PLayer SAra disconnected.
